#
# There is insufficient memory for the Java Runtime Environment to continue.
# Native memory allocation (malloc) failed to allocate 1048576 bytes for AllocateHeap
# Possible reasons:
#   The system is out of physical RAM or swap space
#   The process is running with CompressedOops enabled, and the Java Heap may be blocking the growth of the native heap
# Possible solutions:
#   Reduce memory load on the system
#   Increase physical memory or swap space
#   Check if swap backing store is full
#   Decrease Java heap size (-Xmx/-Xms)
#   Decrease number of Java threads
#   Decrease Java thread stack sizes (-Xss)
#   Set larger code cache with -XX:ReservedCodeCacheSize=
#   JVM is running with Zero Based Compressed Oops mode in which the Java heap is
#     placed in the first 32GB address space. The Java Heap base address is the
#     maximum limit for the native heap growth. Please use -XX:HeapBaseMinAddress
#     to set the Java Heap base and to place the Java Heap above 32GB virtual address.
# This output file may be truncated or incomplete.
#
#  Out of Memory Error (memory/allocation.inline.hpp:61), pid=23684, tid=0x0000000000005410
#
# JRE version:  (8.0_202-b03) (build )
# Java VM: OpenJDK 64-Bit Server VM (25.202-b03 mixed mode windows-amd64 compressed oops)
# Failed to write core dump. Minidumps are not enabled by default on client versions of Windows
#

---------------  T H R E A D  ---------------

Current thread (0x00000000027ce000):  JavaThread "Unknown thread" [_thread_in_vm, id=21520, stack(0x00000000027d0000,0x00000000028d0000)]

Stack: [0x00000000027d0000,0x00000000028d0000]
[error occurred during error reporting (printing stack bounds), id 0xc0000005]

Native frames: (J=compiled Java code, j=interpreted, Vv=VM code, C=native code)


---------------  P R O C E S S  ---------------

Java Threads: ( => current thread )

Other Threads:

=>0x00000000027ce000 (exited) JavaThread "Unknown thread" [_thread_in_vm, id=21520, stack(0x00000000027d0000,0x00000000028d0000)]

VM state:not at safepoint (normal execution)

VM Mutex/Monitor currently owned by a thread: None

heap address: 0x00000006c1c00000, size: 4068 MB, Compressed Oops mode: Zero based, Oop shift amount: 3
Narrow klass base: 0x0000000000000000, Narrow klass shift: 3
Compressed class space size: 1073741824 Address: 0x00000007c0000000

Heap:
 PSYoungGen      total 76288K, used 1310K [0x000000076b400000, 0x0000000770900000, 0x00000007c0000000)
  eden space 65536K, 2% used [0x000000076b400000,0x000000076b547af0,0x000000076f400000)
  from space 10752K, 0% used [0x000000076fe80000,0x000000076fe80000,0x0000000770900000)
  to   space 10752K, 0% used [0x000000076f400000,0x000000076f400000,0x000000076fe80000)
 ParOldGen       total 175104K, used 0K [0x00000006c1c00000, 0x00000006cc700000, 0x000000076b400000)
  object space 175104K, 0% used [0x00000006c1c00000,0x00000006c1c00000,0x00000006cc700000)
 Metaspace       used 778K, capacity 4480K, committed 4480K, reserved 1056768K
  class space    used 74K, capacity 384K, committed 384K, reserved 1048576K

Card table byte_map: [0x0000000011e10000,0x0000000012610000] byte_map_base: 0x000000000e802000

Marking Bits: (ParMarkBitMap*) 0x000000005c1f9f30
 Begin Bits: [0x0000000013360000, 0x00000000172f0000)
 End Bits:   [0x00000000172f0000, 0x000000001b280000)

Polling page: 0x00000000027b0000

CodeCache: size=245760Kb used=328Kb max_used=328Kb free=245431Kb
 bounds [0x0000000002a50000, 0x0000000002cc0000, 0x0000000011a50000]
 total_blobs=57 nmethods=0 adapters=38
 compilation: enabled

Compilation events (0 events):
No events

GC Heap History (0 events):
No events

Deoptimization events (0 events):
No events

Classes redefined (0 events):
No events

Internal exceptions (0 events):
No events

Events (10 events):
Event: 0.022 loading class java/lang/Short
Event: 0.022 loading class java/lang/Short done
Event: 0.022 loading class java/lang/Integer
Event: 0.023 loading class java/lang/Integer done
Event: 0.023 loading class java/lang/Long
Event: 0.023 loading class java/lang/Long done
Event: 0.023 loading class java/lang/NullPointerException
Event: 0.023 loading class java/lang/NullPointerException done
Event: 0.023 loading class java/lang/ArithmeticException
Event: 0.023 loading class java/lang/ArithmeticException done


Dynamic libraries:
0x00007ff7ecee0000 - 0x00007ff7ecf11000 	C:\Program Files\Android\Android Studio\jre\jre\bin\java.exe
0x00007ffbb4580000 - 0x00007ffbb4770000 	C:\windows\SYSTEM32\ntdll.dll
0x00007ffbb3930000 - 0x00007ffbb39e2000 	C:\windows\System32\KERNEL32.DLL
0x00007ffbb15c0000 - 0x00007ffbb1863000 	C:\windows\System32\KERNELBASE.dll
0x00007ffbb3c10000 - 0x00007ffbb3cb3000 	C:\windows\System32\ADVAPI32.dll
0x00007ffbb3890000 - 0x00007ffbb392e000 	C:\windows\System32\msvcrt.dll
0x00007ffbb3480000 - 0x00007ffbb3517000 	C:\windows\System32\sechost.dll
0x00007ffbb3cc0000 - 0x00007ffbb3de0000 	C:\windows\System32\RPCRT4.dll
0x00007ffbb43a0000 - 0x00007ffbb4534000 	C:\windows\System32\USER32.dll
0x00007ffbb1870000 - 0x00007ffbb1891000 	C:\windows\System32\win32u.dll
0x00007ffbb2630000 - 0x00007ffbb2656000 	C:\windows\System32\GDI32.dll
0x00007ffbb2240000 - 0x00007ffbb23d4000 	C:\windows\System32\gdi32full.dll
0x00007ffbb18a0000 - 0x00007ffbb193e000 	C:\windows\System32\msvcp_win.dll
0x00007ffbb24b0000 - 0x00007ffbb25aa000 	C:\windows\System32\ucrtbase.dll
0x00007ffb98050000 - 0x00007ffb982d5000 	C:\windows\WinSxS\amd64_microsoft.windows.common-controls_6595b64144ccf1df_6.0.18362.592_none_e6c0b1911312be02\COMCTL32.dll
0x00007ffbb2890000 - 0x00007ffbb2bc6000 	C:\windows\System32\combase.dll
0x00007ffbb25b0000 - 0x00007ffbb2630000 	C:\windows\System32\bcryptPrimitives.dll
0x00007ffbb3be0000 - 0x00007ffbb3c0e000 	C:\windows\System32\IMM32.DLL
0x000000005c530000 - 0x000000005c602000 	C:\Program Files\Android\Android Studio\jre\jre\bin\msvcr100.dll
0x000000005ba30000 - 0x000000005c276000 	C:\Program Files\Android\Android Studio\jre\jre\bin\server\jvm.dll
0x00007ffbb4390000 - 0x00007ffbb4398000 	C:\windows\System32\PSAPI.DLL
0x00007ffba8bd0000 - 0x00007ffba8bf4000 	C:\windows\SYSTEM32\WINMM.dll
0x00007ffba8a30000 - 0x00007ffba8a3a000 	C:\windows\SYSTEM32\VERSION.dll
0x00007ffb93250000 - 0x00007ffb93259000 	C:\windows\SYSTEM32\WSOCK32.dll
0x00007ffbb3b00000 - 0x00007ffbb3b6f000 	C:\windows\System32\WS2_32.dll
0x00007ffba8af0000 - 0x00007ffba8b1d000 	C:\windows\SYSTEM32\winmmbase.dll
0x00007ffbb2460000 - 0x00007ffbb24aa000 	C:\windows\System32\cfgmgr32.dll
0x00007ffb95fd0000 - 0x00007ffb95fdf000 	C:\Program Files\Android\Android Studio\jre\jre\bin\verify.dll
0x00007ffb8ce40000 - 0x00007ffb8ce69000 	C:\Program Files\Android\Android Studio\jre\jre\bin\java.dll
0x00007ffb94970000 - 0x00007ffb94986000 	C:\Program Files\Android\Android Studio\jre\jre\bin\zip.dll

VM Arguments:
java_command: org.jetbrains.git4idea.nativessh.GitNativeSshAskPassApp Enter passphrase for key '/c/Users/Othman/.ssh/id_rsa': 
java_class_path (initial): C:/Program Files/Android/Android Studio/plugins/git4idea/lib/git4idea-rt.jar;C:/Program Files/Android/Android Studio/lib/xmlrpc-2.0.1.jar;C:/Program Files/Android/Android Studio/lib/commons-codec-1.10.jar;C:/Program Files/Android/Android Studio/lib/util.jar
Launcher Type: SUN_STANDARD

Environment Variables:
PATH=C:\Program Files\Git\mingw64\libexec\git-core;C:\Program Files\Git\mingw64\bin;C:\Program Files\Git\usr\bin;C:\Users\Othman\bin;C:\Program Files (x86)\Java\jdk1.8.0_181\bin;C:\windows\system32;C:\windows;C:\windows\System32\Wbem;C:\windows\System32\WindowsPowerShell\v1.0;C:\windows\System32\OpenSSH;C:\Program Files (x86)\NVIDIA Corporation\PhysX\Common;C:\Program Files\NVIDIA Corporation\NVIDIA NvDLISR;C:\Program Files\Git\cmd;C:\Users\Othman\AppData\Local\Microsoft\WindowsApps
USERNAME=Othman
DISPLAY=:0.0
OS=Windows_NT
PROCESSOR_IDENTIFIER=Intel64 Family 6 Model 142 Stepping 11, GenuineIntel



---------------  S Y S T E M  ---------------

OS: Windows 10.0 , 64 bit Build 18362 (10.0.18362.329)

CPU:total 8 (initial active 8) (4 cores per cpu, 2 threads per core) family 6 model 142 stepping 11, cmov, cx8, fxsr, mmx, sse, sse2, sse3, ssse3, sse4.1, sse4.2, popcnt, avx, avx2, aes, clmul, erms, 3dnowpref, lzcnt, ht, tsc, tscinvbit, bmi1, bmi2, adx

Memory: 4k page, physical 16661812k(1174632k free), swap 47823664k(5536k free)

vm_info: OpenJDK 64-Bit Server VM (25.202-b03) for windows-amd64 JRE (1.8.0_202-release-1483-b03), built by "builder" with MS VC++ 10.0 (VS2010)

time: Fri Feb 07 18:18:12 2020
timezone: Romance Standard Time
elapsed time: 0 seconds (0d 0h 0m 0s)

